<?xml version="1.0" encoding="UTF-8"?>
<!-- Generated by org.testng.reporters.JUnitReportReporter -->
<testsuite skipped="6" hostname="MACPK-ASIQA4" name="Master.ConnectScenarios" tests="30" failures="0" timestamp="2020-10-29T05:08:13 PDT" time="294.925" errors="2">
  <testcase name="ConnectLoginApp" time="7.484" classname="Master.ConnectScenarios"/>
  <testcase name="TransactionNewCard" time="0.085" classname="Master.ConnectScenarios">
    <skipped/>
  </testcase> <!-- TransactionNewCard -->
  <testcase name="Transactionsavecardverification" time="0.053" classname="Master.ConnectScenarios">
    <skipped/>
  </testcase> <!-- Transactionsavecardverification -->
  <testcase name="Remove_CreditCard" time="0.068" classname="Master.ConnectScenarios">
    <skipped/>
  </testcase> <!-- Remove_CreditCard -->
  <testcase name="TransactionExistingCard" time="0.076" classname="Master.ConnectScenarios">
    <skipped/>
  </testcase> <!-- TransactionExistingCard -->
  <testcase name="ProspectListvalidation" time="2.241" classname="Master.ConnectScenarios"/>
  <testcase name="AddDistFromPL" time="0.094" classname="Master.ConnectScenarios"/>
  <testcase name="Remove_DistFromPL" time="120.940" classname="Master.ConnectScenarios">
    <error type="org.openqa.selenium.NoSuchElementException" message="no such element: Unable to locate element: {&quot;method&quot;:&quot;xpath&quot;,&quot;selector&quot;:&quot;//input[contains(@src,&#039;RemoveIcon.png&#039;)]&quot;}
  (Session info: chrome=86.0.4240.111)
For documentation on this error, please visit: https://www.seleniumhq.org/exceptions/no_such_element.html
Build info: version: &#039;3.141.59&#039;, revision: &#039;e82be7d358&#039;, time: &#039;2018-11-14T08:17:03&#039;
System info: host: &#039;MACPK-ASIQA4&#039;, ip: &#039;172.25.178.14&#039;, os.name: &#039;Windows 10&#039;, os.arch: &#039;amd64&#039;, os.version: &#039;10.0&#039;, java.version: &#039;1.8.0_251&#039;
Driver info: org.openqa.selenium.chrome.ChromeDriver
Capabilities {acceptInsecureCerts: false, browserName: chrome, browserVersion: 86.0.4240.111, chrome: {chromedriverVersion: 86.0.4240.22 (398b0743353ff..., userDataDir: C:\Users\SABA~1.AZI\AppData...}, goog:chromeOptions: {debuggerAddress: localhost:59362}, javascriptEnabled: true, networkConnectionEnabled: false, pageLoadStrategy: normal, platform: WINDOWS, platformName: WINDOWS, proxy: Proxy(), setWindowRect: true, strictFileInteractability: false, timeouts: {implicit: 0, pageLoad: 300000, script: 30000}, unhandledPromptBehavior: dismiss and notify, webauthn:virtualAuthenticators: true}
Session ID: 36199ed4a567625020779a84b8608596
*** Element info: {Using=xpath, value=//input[contains(@src,&#039;RemoveIcon.png&#039;)]}">
      <![CDATA[org.openqa.selenium.NoSuchElementException: no such element: Unable to locate element: {"method":"xpath","selector":"//input[contains(@src,'RemoveIcon.png')]"}
  (Session info: chrome=86.0.4240.111)
For documentation on this error, please visit: https://www.seleniumhq.org/exceptions/no_such_element.html
Build info: version: '3.141.59', revision: 'e82be7d358', time: '2018-11-14T08:17:03'
System info: host: 'MACPK-ASIQA4', ip: '172.25.178.14', os.name: 'Windows 10', os.arch: 'amd64', os.version: '10.0', java.version: '1.8.0_251'
Driver info: org.openqa.selenium.chrome.ChromeDriver
Capabilities {acceptInsecureCerts: false, browserName: chrome, browserVersion: 86.0.4240.111, chrome: {chromedriverVersion: 86.0.4240.22 (398b0743353ff..., userDataDir: C:\Users\SABA~1.AZI\AppData...}, goog:chromeOptions: {debuggerAddress: localhost:59362}, javascriptEnabled: true, networkConnectionEnabled: false, pageLoadStrategy: normal, platform: WINDOWS, platformName: WINDOWS, proxy: Proxy(), setWindowRect: true, strictFileInteractability: false, timeouts: {implicit: 0, pageLoad: 300000, script: 30000}, unhandledPromptBehavior: dismiss and notify, webauthn:virtualAuthenticators: true}
Session ID: 36199ed4a567625020779a84b8608596
*** Element info: {Using=xpath, value=//input[contains(@src,'RemoveIcon.png')]}
at sun.reflect.NativeConstructorAccessorImpl.newInstance0(Native Method)
at sun.reflect.NativeConstructorAccessorImpl.newInstance(NativeConstructorAccessorImpl.java:62)
at sun.reflect.DelegatingConstructorAccessorImpl.newInstance(DelegatingConstructorAccessorImpl.java:45)
at java.lang.reflect.Constructor.newInstance(Constructor.java:423)
at org.openqa.selenium.remote.http.W3CHttpResponseCodec.createException(W3CHttpResponseCodec.java:187)
at org.openqa.selenium.remote.http.W3CHttpResponseCodec.decode(W3CHttpResponseCodec.java:122)
at org.openqa.selenium.remote.http.W3CHttpResponseCodec.decode(W3CHttpResponseCodec.java:49)
at org.openqa.selenium.remote.HttpCommandExecutor.execute(HttpCommandExecutor.java:158)
at org.openqa.selenium.remote.service.DriverCommandExecutor.execute(DriverCommandExecutor.java:83)
at org.openqa.selenium.remote.RemoteWebDriver.execute(RemoteWebDriver.java:552)
at org.openqa.selenium.remote.RemoteWebDriver.findElement(RemoteWebDriver.java:323)
at org.openqa.selenium.remote.RemoteWebDriver.findElementByXPath(RemoteWebDriver.java:428)
at org.openqa.selenium.By$ByXPath.findElement(By.java:353)
at org.openqa.selenium.remote.RemoteWebDriver.findElement(RemoteWebDriver.java:315)
at org.openqa.selenium.support.pagefactory.DefaultElementLocator.findElement(DefaultElementLocator.java:70)
at org.openqa.selenium.support.pagefactory.internal.LocatingElementHandler.invoke(LocatingElementHandler.java:39)
at com.sun.proxy.$Proxy11.click(Unknown Source)
at Master.ConnectScenarios.RemoveDistFromPL(ConnectScenarios.java:365)
at Master.ConnectExecution.Remove_DistFromPL(ConnectExecution.java:93)
at sun.reflect.NativeMethodAccessorImpl.invoke0(Native Method)
at sun.reflect.NativeMethodAccessorImpl.invoke(NativeMethodAccessorImpl.java:62)
at sun.reflect.DelegatingMethodAccessorImpl.invoke(DelegatingMethodAccessorImpl.java:43)
at java.lang.reflect.Method.invoke(Method.java:498)
at org.testng.internal.MethodInvocationHelper.invokeMethod(MethodInvocationHelper.java:133)
at org.testng.internal.TestInvoker.invokeMethod(TestInvoker.java:584)
at org.testng.internal.TestInvoker.invokeTestMethod(TestInvoker.java:172)
at org.testng.internal.MethodRunner.runInSequence(MethodRunner.java:46)
at org.testng.internal.TestInvoker$MethodInvocationAgent.invoke(TestInvoker.java:804)
at org.testng.internal.TestInvoker.invokeTestMethods(TestInvoker.java:145)
at org.testng.internal.TestMethodWorker.invokeTestMethods(TestMethodWorker.java:146)
at org.testng.internal.TestMethodWorker.run(TestMethodWorker.java:128)
at java.util.ArrayList.forEach(ArrayList.java:1257)
at org.testng.TestRunner.privateRun(TestRunner.java:770)
at org.testng.TestRunner.run(TestRunner.java:591)
at org.testng.SuiteRunner.runTest(SuiteRunner.java:402)
at org.testng.SuiteRunner.runSequentially(SuiteRunner.java:396)
at org.testng.SuiteRunner.privateRun(SuiteRunner.java:355)
at org.testng.SuiteRunner.run(SuiteRunner.java:304)
at org.testng.SuiteRunnerWorker.runSuite(SuiteRunnerWorker.java:53)
at org.testng.SuiteRunnerWorker.run(SuiteRunnerWorker.java:96)
at org.testng.TestNG.runSuitesSequentially(TestNG.java:1180)
at org.testng.TestNG.runSuitesLocally(TestNG.java:1102)
at org.testng.TestNG.runSuites(TestNG.java:1032)
at org.testng.TestNG.run(TestNG.java:1000)
at org.testng.remote.AbstractRemoteTestNG.run(AbstractRemoteTestNG.java:115)
at org.testng.remote.RemoteTestNG.initAndRun(RemoteTestNG.java:251)
at org.testng.remote.RemoteTestNG.main(RemoteTestNG.java:77)
]]>
    </error>
  </testcase> <!-- Remove_DistFromPL -->
  <testcase name="Monitor_List" time="5.461" classname="Master.ConnectScenarios"/>
  <testcase name="AddandRemoveDistML" time="0.069" classname="Master.ConnectScenarios">
    <skipped/>
  </testcase> <!-- AddandRemoveDistML -->
  <testcase name="BasicSearchDistributor" time="2.880" classname="Master.ConnectScenarios"/>
  <testcase name="BasicSearchCompany" time="1.755" classname="Master.ConnectScenarios"/>
  <testcase name="Advanced_SearchResult" time="3.326" classname="Master.ConnectScenarios"/>
  <testcase name="AdvancedSearchStateDropDownResult" time="2.512" classname="Master.ConnectScenarios"/>
  <testcase name="AdvancedSearchRangeDropDownResult" time="1.906" classname="Master.ConnectScenarios"/>
  <testcase name="AdvancedSearchProductlineDropDownResult" time="2.339" classname="Master.ConnectScenarios"/>
  <testcase name="AdvancedSearchCustomerTypeDropDownResult" time="2.948" classname="Master.ConnectScenarios"/>
  <testcase name="AdvancedSearchPayHabitFromDropDownResult" time="1.768" classname="Master.ConnectScenarios"/>
  <testcase name="AdvancedSearchPayHabiToDropDownResult" time="2.218" classname="Master.ConnectScenarios"/>
  <testcase name="AdvancedSearchViewDaysDropDownResult" time="1.896" classname="Master.ConnectScenarios"/>
  <testcase name="Distributor_Profile" time="12.647" classname="Master.ConnectScenarios"/>
  <testcase name="DistCreditScore" time="120.080" classname="Master.ConnectScenarios"/>
  <testcase name="DistCreditHistoryCurrent6months" time="0.199" classname="Master.ConnectScenarios"/>
  <testcase name="DistCreditHistoryPre6months" time="0.538" classname="Master.ConnectScenarios"/>
  <testcase name="DistributorCreditHistory_IndustryAverage" time="0.141" classname="Master.ConnectScenarios"/>
  <testcase name="DistributorCreditHistory_GeneralCredit" time="0.540" classname="Master.ConnectScenarios">
    <error type="java.lang.NumberFormatException" message="For input string: &quot;&quot;">
      <![CDATA[java.lang.NumberFormatException: For input string: ""
at java.lang.NumberFormatException.forInputString(NumberFormatException.java:65)
at java.lang.Integer.parseInt(Integer.java:592)
at java.lang.Integer.parseInt(Integer.java:615)
at Master.ConnectScenarios.DistCreditHistory_GeneralCredit(ConnectScenarios.java:739)
at Master.ConnectExecution.DistributorCreditHistory_GeneralCredit(ConnectExecution.java:187)
at sun.reflect.NativeMethodAccessorImpl.invoke0(Native Method)
at sun.reflect.NativeMethodAccessorImpl.invoke(NativeMethodAccessorImpl.java:62)
at sun.reflect.DelegatingMethodAccessorImpl.invoke(DelegatingMethodAccessorImpl.java:43)
at java.lang.reflect.Method.invoke(Method.java:498)
at org.testng.internal.MethodInvocationHelper.invokeMethod(MethodInvocationHelper.java:133)
at org.testng.internal.TestInvoker.invokeMethod(TestInvoker.java:584)
at org.testng.internal.TestInvoker.invokeTestMethod(TestInvoker.java:172)
at org.testng.internal.MethodRunner.runInSequence(MethodRunner.java:46)
at org.testng.internal.TestInvoker$MethodInvocationAgent.invoke(TestInvoker.java:804)
at org.testng.internal.TestInvoker.invokeTestMethods(TestInvoker.java:145)
at org.testng.internal.TestMethodWorker.invokeTestMethods(TestMethodWorker.java:146)
at org.testng.internal.TestMethodWorker.run(TestMethodWorker.java:128)
at java.util.ArrayList.forEach(ArrayList.java:1257)
at org.testng.TestRunner.privateRun(TestRunner.java:770)
at org.testng.TestRunner.run(TestRunner.java:591)
at org.testng.SuiteRunner.runTest(SuiteRunner.java:402)
at org.testng.SuiteRunner.runSequentially(SuiteRunner.java:396)
at org.testng.SuiteRunner.privateRun(SuiteRunner.java:355)
at org.testng.SuiteRunner.run(SuiteRunner.java:304)
at org.testng.SuiteRunnerWorker.runSuite(SuiteRunnerWorker.java:53)
at org.testng.SuiteRunnerWorker.run(SuiteRunnerWorker.java:96)
at org.testng.TestNG.runSuitesSequentially(TestNG.java:1180)
at org.testng.TestNG.runSuitesLocally(TestNG.java:1102)
at org.testng.TestNG.runSuites(TestNG.java:1032)
at org.testng.TestNG.run(TestNG.java:1000)
at org.testng.remote.AbstractRemoteTestNG.run(AbstractRemoteTestNG.java:115)
at org.testng.remote.RemoteTestNG.initAndRun(RemoteTestNG.java:251)
at org.testng.remote.RemoteTestNG.main(RemoteTestNG.java:77)
]]>
    </error>
  </testcase> <!-- DistributorCreditHistory_GeneralCredit -->
  <testcase name="AveragePayingHabit_ReportsWithPurchases" time="0.234" classname="Master.ConnectScenarios"/>
  <testcase name="AveragePayingHabit_TransactionWithPurchases" time="0.184" classname="Master.ConnectScenarios"/>
  <testcase name="AveragePayingHabit_Volumn" time="0.189" classname="Master.ConnectScenarios"/>
  <testcase name="Single_Transaction" time="0.054" classname="Master.ConnectScenarios">
    <skipped/>
  </testcase> <!-- Single_Transaction -->
</testsuite> <!-- Master.ConnectScenarios -->
